<?xml version="1.0" encoding="UTF-8"?>
<!-- Generated by org.testng.reporters.JUnitXMLReporter -->
<testsuite ignored="0" hostname="DESKTOP-0COA28K" failures="0" tests="9" name="Default test" time="56.797" errors="0" timestamp="2021-01-16T12:09:55 PST">
  <testcase classname="classwork.grid.Node1Windows" name="searchItems" time="4.153"/>
  <testcase classname="classwork.grid.Node1Windows" name="close" time="1.209"/>
  <testcase classname="classwork.grid.Node1aWindows" name="searchDress" time="7.417"/>
  <testcase classname="classwork.grid.Node1aWindows" name="searchDress" time="7.091"/>
  <testcase classname="classwork.grid.Node1aWindows" name="searchDress" time="7.549"/>
  <testcase classname="classwork.grid.Node1aWindows" name="searchDress" time="7.908"/>
  <testcase classname="classwork.grid.Node1aWindows" name="searchDress" time="7.279"/>
  <testcase classname="classwork.grid.Node1aWindows" name="searchDress" time="7.539"/>
  <testcase classname="classwork.grid.Node1aWindows" name="close" time="0.072"/>
</testsuite> <!-- Default test -->
